    WARNING: ^ (U+005e) is already defined more than once on the keyboard (on VK_6, ShiftState 'Ctl+Alt' and VK_6, ShiftState 'Shift').
    WARNING: The character ˇ (U+02c7) exists in the entry for VK_6, ShiftState 'Shift+Ctl+Alt' of the layout table and is not in the default system code page (1252) of the English (United States) language you specified. This may cause compatibility problems in non-Unicode applications.
    WARNING: The character ˚ (U+02da) exists in the entry for VK_7, ShiftState 'Ctl+Alt' of the layout table and is not in the default system code page (1252) of the English (United States) language you specified. This may cause compatibility problems in non-Unicode applications.
    WARNING: The character ĳ (U+0133) exists in the entry for VK_E, ShiftState 'Ctl+Alt' of the layout table and is not in the default system code page (1252) of the English (United States) language you specified. This may cause compatibility problems in non-Unicode applications.
    WARNING: The character Ĳ (U+0132) exists in the entry for VK_E, ShiftState 'Shift+Ctl+Alt' of the layout table and is not in the default system code page (1252) of the English (United States) language you specified. This may cause compatibility problems in non-Unicode applications.
    WARNING: The character Ω (U+03a9) exists in the entry for VK_L, ShiftState 'Ctl+Alt' of the layout table and is not in the default system code page (1252) of the English (United States) language you specified. This may cause compatibility problems in non-Unicode applications.
    WARNING:   (U+0020) is already defined more than once on the keyboard (on VK_L, ShiftState 'Shift+Ctl+Alt' and VK_SPACE, ShiftState 'Base').
    WARNING: The character № (U+2116) exists in the entry for VK_OEM_MINUS, ShiftState 'Shift+Ctl+Alt' of the layout table and is not in the default system code page (1252) of the English (United States) language you specified. This may cause compatibility problems in non-Unicode applications.
    WARNING: ` (U+0060) is already defined more than once on the keyboard (on VK_OEM_3, ShiftState 'Ctl+Alt' and VK_OEM_3, ShiftState 'Base').
    WARNING: ~ (U+007e) is already defined more than once on the keyboard (on VK_OEM_3, ShiftState 'Shift+Ctl+Alt' and VK_OEM_3, ShiftState 'Shift').
    WARNING: The dead key ^ (U+005e) when combined with w (U+0077) returns ŵ (U+0175), but ŵ (U+0175) is not on the default system code page (1252) of the English (United States) language you specified. This may cause compatibility problems in non-Unicode applications.
    WARNING: The dead key ^ (U+005e) when combined with y (U+0079) returns ŷ (U+0177), but ŷ (U+0177) is not on the default system code page (1252) of the English (United States) language you specified. This may cause compatibility problems in non-Unicode applications.
    WARNING: The dead key ^ (U+005e) when combined with W (U+0057) returns Ŵ (U+0174), but Ŵ (U+0174) is not on the default system code page (1252) of the English (United States) language you specified. This may cause compatibility problems in non-Unicode applications.
    WARNING: The dead key ^ (U+005e) when combined with Y (U+0059) returns Ŷ (U+0176), but Ŷ (U+0176) is not on the default system code page (1252) of the English (United States) language you specified. This may cause compatibility problems in non-Unicode applications.
    WARNING: The dead key ˇ (U+02c7) when combined with c (U+0063) returns č (U+010d), but č (U+010d) is not on the default system code page (1252) of the English (United States) language you specified. This may cause compatibility problems in non-Unicode applications.
    WARNING: The dead key ˇ (U+02c7) when combined with a (U+0061) returns ă (U+0103), but ă (U+0103) is not on the default system code page (1252) of the English (United States) language you specified. This may cause compatibility problems in non-Unicode applications.
    WARNING: The dead key ˇ (U+02c7) when combined with j (U+006a) returns ǰ (U+01f0), but ǰ (U+01f0) is not on the default system code page (1252) of the English (United States) language you specified. This may cause compatibility problems in non-Unicode applications.
    WARNING: The dead key ˇ (U+02c7) when combined with g (U+0067) returns ǧ (U+01e7), but ǧ (U+01e7) is not on the default system code page (1252) of the English (United States) language you specified. This may cause compatibility problems in non-Unicode applications.
    WARNING: The dead key ˇ (U+02c7) when combined with l (U+006c) returns ľ (U+013e), but ľ (U+013e) is not on the default system code page (1252) of the English (United States) language you specified. This may cause compatibility problems in non-Unicode applications.
    WARNING: The dead key ˇ (U+02c7) when combined with i (U+0069) returns ǐ (U+01d0), but ǐ (U+01d0) is not on the default system code page (1252) of the English (United States) language you specified. This may cause compatibility problems in non-Unicode applications.
    WARNING: The dead key ˇ (U+02c7) when combined with C (U+0043) returns Č (U+010c), but Č (U+010c) is not on the default system code page (1252) of the English (United States) language you specified. This may cause compatibility problems in non-Unicode applications.
    WARNING: The dead key ˇ (U+02c7) when combined with A (U+0041) returns Ă (U+0102), but Ă (U+0102) is not on the default system code page (1252) of the English (United States) language you specified. This may cause compatibility problems in non-Unicode applications.
    WARNING: The dead key ˇ (U+02c7) when combined with G (U+0047) returns Ǧ (U+01e6), but Ǧ (U+01e6) is not on the default system code page (1252) of the English (United States) language you specified. This may cause compatibility problems in non-Unicode applications.
    WARNING: The dead key ˇ (U+02c7) when combined with L (U+004c) returns Ľ (U+013d), but Ľ (U+013d) is not on the default system code page (1252) of the English (United States) language you specified. This may cause compatibility problems in non-Unicode applications.
    WARNING: The dead key ˇ (U+02c7) when combined with I (U+0049) returns Ǐ (U+01cf), but Ǐ (U+01cf) is not on the default system code page (1252) of the English (United States) language you specified. This may cause compatibility problems in non-Unicode applications.
    WARNING: The dead key ˇ (U+02c7) when combined with ˇ (U+02c7) returns ˇ (U+02c7), but ˇ (U+02c7) is not on the default system code page (1252) of the English (United States) language you specified. This may cause compatibility problems in non-Unicode applications.
    WARNING: The dead key ˇ (U+02c7) when combined with   (U+0020) returns ˇ (U+02c7), but ˇ (U+02c7) is not on the default system code page (1252) of the English (United States) language you specified. This may cause compatibility problems in non-Unicode applications.
    WARNING: The dead key ˚ (U+02da) when combined with c (U+0063) returns ċ (U+010b), but ċ (U+010b) is not on the default system code page (1252) of the English (United States) language you specified. This may cause compatibility problems in non-Unicode applications.
    WARNING: The dead key ˚ (U+02da) when combined with z (U+007a) returns ż (U+017c), but ż (U+017c) is not on the default system code page (1252) of the English (United States) language you specified. This may cause compatibility problems in non-Unicode applications.
    WARNING: The dead key ˚ (U+02da) when combined with g (U+0067) returns ġ (U+0121), but ġ (U+0121) is not on the default system code page (1252) of the English (United States) language you specified. This may cause compatibility problems in non-Unicode applications.
    WARNING: The dead key ˚ (U+02da) when combined with C (U+0043) returns Ċ (U+010a), but Ċ (U+010a) is not on the default system code page (1252) of the English (United States) language you specified. This may cause compatibility problems in non-Unicode applications.
    WARNING: The dead key ˚ (U+02da) when combined with Z (U+005a) returns Ż (U+017b), but Ż (U+017b) is not on the default system code page (1252) of the English (United States) language you specified. This may cause compatibility problems in non-Unicode applications.
    WARNING: The dead key ˚ (U+02da) when combined with G (U+0047) returns Ġ (U+0120), but Ġ (U+0120) is not on the default system code page (1252) of the English (United States) language you specified. This may cause compatibility problems in non-Unicode applications.
    WARNING: The dead key ˚ (U+02da) when combined with ˚ (U+02da) returns ˚ (U+02da), but ˚ (U+02da) is not on the default system code page (1252) of the English (United States) language you specified. This may cause compatibility problems in non-Unicode applications.
    WARNING: The dead key ˚ (U+02da) when combined with   (U+0020) returns ˚ (U+02da), but ˚ (U+02da) is not on the default system code page (1252) of the English (United States) language you specified. This may cause compatibility problems in non-Unicode applications.
    WARNING: The dead key ¯ (U+00af) when combined with b (U+0062) returns ƀ (U+0180), but ƀ (U+0180) is not on the default system code page (1252) of the English (United States) language you specified. This may cause compatibility problems in non-Unicode applications.
    WARNING: The dead key ¯ (U+00af) when combined with a (U+0061) returns ā (U+0101), but ā (U+0101) is not on the default system code page (1252) of the English (United States) language you specified. This may cause compatibility problems in non-Unicode applications.
    WARNING: The dead key ¯ (U+00af) when combined with h (U+0068) returns ħ (U+0127), but ħ (U+0127) is not on the default system code page (1252) of the English (United States) language you specified. This may cause compatibility problems in non-Unicode applications.
    WARNING: The dead key ¯ (U+00af) when combined with d (U+0064) returns đ (U+0111), but đ (U+0111) is not on the default system code page (1252) of the English (United States) language you specified. This may cause compatibility problems in non-Unicode applications.
    WARNING: The dead key ¯ (U+00af) when combined with l (U+006c) returns ḻ (U+1e3b), but ḻ (U+1e3b) is not on the default system code page (1252) of the English (United States) language you specified. This may cause compatibility problems in non-Unicode applications.
    WARNING: The dead key ¯ (U+00af) when combined with e (U+0065) returns ē (U+0113), but ē (U+0113) is not on the default system code page (1252) of the English (United States) language you specified. This may cause compatibility problems in non-Unicode applications.
    WARNING: The dead key ¯ (U+00af) when combined with u (U+0075) returns ū (U+016b), but ū (U+016b) is not on the default system code page (1252) of the English (United States) language you specified. This may cause compatibility problems in non-Unicode applications.
    WARNING: The dead key ¯ (U+00af) when combined with i (U+0069) returns ī (U+012b), but ī (U+012b) is not on the default system code page (1252) of the English (United States) language you specified. This may cause compatibility problems in non-Unicode applications.
    WARNING: The dead key ¯ (U+00af) when combined with t (U+0074) returns ŧ (U+0167), but ŧ (U+0167) is not on the default system code page (1252) of the English (United States) language you specified. This may cause compatibility problems in non-Unicode applications.
    WARNING: The dead key ¯ (U+00af) when combined with o (U+006f) returns ō (U+014d), but ō (U+014d) is not on the default system code page (1252) of the English (United States) language you specified. This may cause compatibility problems in non-Unicode applications.
    WARNING: The dead key ¯ (U+00af) when combined with 1 (U+0031) returns ‐ (U+2010), but ‐ (U+2010) is not on the default system code page (1252) of the English (United States) language you specified. This may cause compatibility problems in non-Unicode applications.
    WARNING: The dead key ¯ (U+00af) when combined with B (U+0042) returns Ƀ (U+0243), but Ƀ (U+0243) is not on the default system code page (1252) of the English (United States) language you specified. This may cause compatibility problems in non-Unicode applications.
    WARNING: The dead key ¯ (U+00af) when combined with A (U+0041) returns Ā (U+0100), but Ā (U+0100) is not on the default system code page (1252) of the English (United States) language you specified. This may cause compatibility problems in non-Unicode applications.
    WARNING: The dead key ¯ (U+00af) when combined with H (U+0048) returns Ħ (U+0126), but Ħ (U+0126) is not on the default system code page (1252) of the English (United States) language you specified. This may cause compatibility problems in non-Unicode applications.
    WARNING: The dead key ¯ (U+00af) when combined with D (U+0044) returns Đ (U+0110), but Đ (U+0110) is not on the default system code page (1252) of the English (United States) language you specified. This may cause compatibility problems in non-Unicode applications.
    WARNING: The dead key ¯ (U+00af) when combined with L (U+004c) returns Ḻ (U+1e3a), but Ḻ (U+1e3a) is not on the default system code page (1252) of the English (United States) language you specified. This may cause compatibility problems in non-Unicode applications.
    WARNING: The dead key ¯ (U+00af) when combined with E (U+0045) returns Ē (U+0112), but Ē (U+0112) is not on the default system code page (1252) of the English (United States) language you specified. This may cause compatibility problems in non-Unicode applications.
    WARNING: The dead key ¯ (U+00af) when combined with U (U+0055) returns Ū (U+016a), but Ū (U+016a) is not on the default system code page (1252) of the English (United States) language you specified. This may cause compatibility problems in non-Unicode applications.
    WARNING: The dead key ¯ (U+00af) when combined with I (U+0049) returns Ī (U+012a), but Ī (U+012a) is not on the default system code page (1252) of the English (United States) language you specified. This may cause compatibility problems in non-Unicode applications.
    WARNING: The dead key ¯ (U+00af) when combined with T (U+0054) returns Ŧ (U+0166), but Ŧ (U+0166) is not on the default system code page (1252) of the English (United States) language you specified. This may cause compatibility problems in non-Unicode applications.
    WARNING: The dead key ¯ (U+00af) when combined with O (U+004f) returns Ō (U+014c), but Ō (U+014c) is not on the default system code page (1252) of the English (United States) language you specified. This may cause compatibility problems in non-Unicode applications.
    WARNING: The dead key Ω (U+03a9) when combined with = (U+003d) returns ⁼ (U+207c), but ⁼ (U+207c) is not on the default system code page (1252) of the English (United States) language you specified. This may cause compatibility problems in non-Unicode applications.
    WARNING: The dead key Ω (U+03a9) when combined with b (U+0062) returns β (U+03b2), but β (U+03b2) is not on the default system code page (1252) of the English (United States) language you specified. This may cause compatibility problems in non-Unicode applications.
    WARNING: The dead key Ω (U+03a9) when combined with n (U+006e) returns ν (U+03bd), but ν (U+03bd) is not on the default system code page (1252) of the English (United States) language you specified. This may cause compatibility problems in non-Unicode applications.
    WARNING: The dead key Ω (U+03a9) when combined with v (U+0076) returns β (U+03b2), but β (U+03b2) is not on the default system code page (1252) of the English (United States) language you specified. This may cause compatibility problems in non-Unicode applications.
    WARNING: The dead key Ω (U+03a9) when combined with c (U+0063) returns χ (U+03c7), but χ (U+03c7) is not on the default system code page (1252) of the English (United States) language you specified. This may cause compatibility problems in non-Unicode applications.
    WARNING: The dead key Ω (U+03a9) when combined with x (U+0078) returns ξ (U+03be), but ξ (U+03be) is not on the default system code page (1252) of the English (United States) language you specified. This may cause compatibility problems in non-Unicode applications.
    WARNING: The dead key Ω (U+03a9) when combined with z (U+007a) returns ζ (U+03b6), but ζ (U+03b6) is not on the default system code page (1252) of the English (United States) language you specified. This may cause compatibility problems in non-Unicode applications.
    WARNING: The dead key Ω (U+03a9) when combined with m (U+006d) returns μ (U+03bc), but μ (U+03bc) is not on the default system code page (1252) of the English (United States) language you specified. This may cause compatibility problems in non-Unicode applications.
    WARNING: The dead key Ω (U+03a9) when combined with a (U+0061) returns α (U+03b1), but α (U+03b1) is not on the default system code page (1252) of the English (United States) language you specified. This may cause compatibility problems in non-Unicode applications.
    WARNING: The dead key Ω (U+03a9) when combined with h (U+0068) returns θ (U+03b8), but θ (U+03b8) is not on the default system code page (1252) of the English (United States) language you specified. This may cause compatibility problems in non-Unicode applications.
    WARNING: The dead key Ω (U+03a9) when combined with j (U+006a) returns ι (U+03b9), but ι (U+03b9) is not on the default system code page (1252) of the English (United States) language you specified. This may cause compatibility problems in non-Unicode applications.
    WARNING: The dead key Ω (U+03a9) when combined with g (U+0067) returns γ (U+03b3), but γ (U+03b3) is not on the default system code page (1252) of the English (United States) language you specified. This may cause compatibility problems in non-Unicode applications.
    WARNING: The dead key Ω (U+03a9) when combined with f (U+0066) returns φ (U+03c6), but φ (U+03c6) is not on the default system code page (1252) of the English (United States) language you specified. This may cause compatibility problems in non-Unicode applications.
    WARNING: The dead key Ω (U+03a9) when combined with d (U+0064) returns δ (U+03b4), but δ (U+03b4) is not on the default system code page (1252) of the English (United States) language you specified. This may cause compatibility problems in non-Unicode applications.
    WARNING: The dead key Ω (U+03a9) when combined with ; (U+003b) returns ₋ (U+208b), but ₋ (U+208b) is not on the default system code page (1252) of the English (United States) language you specified. This may cause compatibility problems in non-Unicode applications.
    WARNING: The dead key Ω (U+03a9) when combined with ' (U+0027) returns ₌ (U+208c), but ₌ (U+208c) is not on the default system code page (1252) of the English (United States) language you specified. This may cause compatibility problems in non-Unicode applications.
    WARNING: The dead key Ω (U+03a9) when combined with s (U+0073) returns σ (U+03c3), but σ (U+03c3) is not on the default system code page (1252) of the English (United States) language you specified. This may cause compatibility problems in non-Unicode applications.
    WARNING: The dead key Ω (U+03a9) when combined with l (U+006c) returns λ (U+03bb), but λ (U+03bb) is not on the default system code page (1252) of the English (United States) language you specified. This may cause compatibility problems in non-Unicode applications.
    WARNING: The dead key Ω (U+03a9) when combined with k (U+006b) returns κ (U+03ba), but κ (U+03ba) is not on the default system code page (1252) of the English (United States) language you specified. This may cause compatibility problems in non-Unicode applications.
    WARNING: The dead key Ω (U+03a9) when combined with w (U+0077) returns ψ (U+03c8), but ψ (U+03c8) is not on the default system code page (1252) of the English (United States) language you specified. This may cause compatibility problems in non-Unicode applications.
    WARNING: The dead key Ω (U+03a9) when combined with e (U+0065) returns ε (U+03b5), but ε (U+03b5) is not on the default system code page (1252) of the English (United States) language you specified. This may cause compatibility problems in non-Unicode applications.
    WARNING: The dead key Ω (U+03a9) when combined with r (U+0072) returns ρ (U+03c1), but ρ (U+03c1) is not on the default system code page (1252) of the English (United States) language you specified. This may cause compatibility problems in non-Unicode applications.
    WARNING: The dead key Ω (U+03a9) when combined with [ (U+005b) returns ⁽ (U+207d), but ⁽ (U+207d) is not on the default system code page (1252) of the English (United States) language you specified. This may cause compatibility problems in non-Unicode applications.
    WARNING: The dead key Ω (U+03a9) when combined with p (U+0070) returns π (U+03c0), but π (U+03c0) is not on the default system code page (1252) of the English (United States) language you specified. This may cause compatibility problems in non-Unicode applications.
    WARNING: The dead key Ω (U+03a9) when combined with u (U+0075) returns ω (U+03c9), but ω (U+03c9) is not on the default system code page (1252) of the English (United States) language you specified. This may cause compatibility problems in non-Unicode applications.
    WARNING: The dead key Ω (U+03a9) when combined with ] (U+005d) returns ⁾ (U+207e), but ⁾ (U+207e) is not on the default system code page (1252) of the English (United States) language you specified. This may cause compatibility problems in non-Unicode applications.
    WARNING: The dead key Ω (U+03a9) when combined with i (U+0069) returns η (U+03b7), but η (U+03b7) is not on the default system code page (1252) of the English (United States) language you specified. This may cause compatibility problems in non-Unicode applications.
    WARNING: The dead key Ω (U+03a9) when combined with t (U+0074) returns τ (U+03c4), but τ (U+03c4) is not on the default system code page (1252) of the English (United States) language you specified. This may cause compatibility problems in non-Unicode applications.
    WARNING: The dead key Ω (U+03a9) when combined with y (U+0079) returns υ (U+03c5), but υ (U+03c5) is not on the default system code page (1252) of the English (United States) language you specified. This may cause compatibility problems in non-Unicode applications.
    WARNING: The dead key Ω (U+03a9) when combined with o (U+006f) returns ο (U+03bf), but ο (U+03bf) is not on the default system code page (1252) of the English (United States) language you specified. This may cause compatibility problems in non-Unicode applications.
    WARNING: The dead key Ω (U+03a9) when combined with q (U+0071) returns ω (U+03c9), but ω (U+03c9) is not on the default system code page (1252) of the English (United States) language you specified. This may cause compatibility problems in non-Unicode applications.
    WARNING: The dead key Ω (U+03a9) when combined with 8 (U+0038) returns ⁸ (U+2078), but ⁸ (U+2078) is not on the default system code page (1252) of the English (United States) language you specified. This may cause compatibility problems in non-Unicode applications.
    WARNING: The dead key Ω (U+03a9) when combined with 9 (U+0039) returns ⁹ (U+2079), but ⁹ (U+2079) is not on the default system code page (1252) of the English (United States) language you specified. This may cause compatibility problems in non-Unicode applications.
    WARNING: The dead key Ω (U+03a9) when combined with 0 (U+0030) returns ⁰ (U+2070), but ⁰ (U+2070) is not on the default system code page (1252) of the English (United States) language you specified. This may cause compatibility problems in non-Unicode applications.
    WARNING: The dead key Ω (U+03a9) when combined with - (U+002d) returns ⁻ (U+207b), but ⁻ (U+207b) is not on the default system code page (1252) of the English (United States) language you specified. This may cause compatibility problems in non-Unicode applications.
    WARNING: The dead key Ω (U+03a9) when combined with 6 (U+0036) returns ⁶ (U+2076), but ⁶ (U+2076) is not on the default system code page (1252) of the English (United States) language you specified. This may cause compatibility problems in non-Unicode applications.
    WARNING: The dead key Ω (U+03a9) when combined with 7 (U+0037) returns ⁷ (U+2077), but ⁷ (U+2077) is not on the default system code page (1252) of the English (United States) language you specified. This may cause compatibility problems in non-Unicode applications.
    WARNING: The dead key Ω (U+03a9) when combined with 4 (U+0034) returns ⁴ (U+2074), but ⁴ (U+2074) is not on the default system code page (1252) of the English (United States) language you specified. This may cause compatibility problems in non-Unicode applications.
    WARNING: The dead key Ω (U+03a9) when combined with 5 (U+0035) returns ⁵ (U+2075), but ⁵ (U+2075) is not on the default system code page (1252) of the English (United States) language you specified. This may cause compatibility problems in non-Unicode applications.
    WARNING: The dead key Ω (U+03a9) when combined with + (U+002b) returns ⁺ (U+207a), but ⁺ (U+207a) is not on the default system code page (1252) of the English (United States) language you specified. This may cause compatibility problems in non-Unicode applications.
    WARNING: The dead key Ω (U+03a9) when combined with B (U+0042) returns Β (U+0392), but Β (U+0392) is not on the default system code page (1252) of the English (United States) language you specified. This may cause compatibility problems in non-Unicode applications.
    WARNING: The dead key Ω (U+03a9) when combined with N (U+004e) returns Ν (U+039d), but Ν (U+039d) is not on the default system code page (1252) of the English (United States) language you specified. This may cause compatibility problems in non-Unicode applications.
    WARNING: The dead key Ω (U+03a9) when combined with V (U+0056) returns Β (U+0392), but Β (U+0392) is not on the default system code page (1252) of the English (United States) language you specified. This may cause compatibility problems in non-Unicode applications.
    WARNING: The dead key Ω (U+03a9) when combined with C (U+0043) returns Χ (U+03a7), but Χ (U+03a7) is not on the default system code page (1252) of the English (United States) language you specified. This may cause compatibility problems in non-Unicode applications.
    WARNING: The dead key Ω (U+03a9) when combined with X (U+0058) returns Ξ (U+039e), but Ξ (U+039e) is not on the default system code page (1252) of the English (United States) language you specified. This may cause compatibility problems in non-Unicode applications.
    WARNING: The dead key Ω (U+03a9) when combined with Z (U+005a) returns Ζ (U+0396), but Ζ (U+0396) is not on the default system code page (1252) of the English (United States) language you specified. This may cause compatibility problems in non-Unicode applications.
    WARNING: The dead key Ω (U+03a9) when combined with M (U+004d) returns Μ (U+039c), but Μ (U+039c) is not on the default system code page (1252) of the English (United States) language you specified. This may cause compatibility problems in non-Unicode applications.
    WARNING: The dead key Ω (U+03a9) when combined with A (U+0041) returns Α (U+0391), but Α (U+0391) is not on the default system code page (1252) of the English (United States) language you specified. This may cause compatibility problems in non-Unicode applications.
    WARNING: The dead key Ω (U+03a9) when combined with H (U+0048) returns Θ (U+0398), but Θ (U+0398) is not on the default system code page (1252) of the English (United States) language you specified. This may cause compatibility problems in non-Unicode applications.
    WARNING: The dead key Ω (U+03a9) when combined with J (U+004a) returns Ι (U+0399), but Ι (U+0399) is not on the default system code page (1252) of the English (United States) language you specified. This may cause compatibility problems in non-Unicode applications.
    WARNING: The dead key Ω (U+03a9) when combined with G (U+0047) returns Γ (U+0393), but Γ (U+0393) is not on the default system code page (1252) of the English (United States) language you specified. This may cause compatibility problems in non-Unicode applications.
    WARNING: The dead key Ω (U+03a9) when combined with F (U+0046) returns Φ (U+03a6), but Φ (U+03a6) is not on the default system code page (1252) of the English (United States) language you specified. This may cause compatibility problems in non-Unicode applications.
    WARNING: The dead key Ω (U+03a9) when combined with D (U+0044) returns Δ (U+0394), but Δ (U+0394) is not on the default system code page (1252) of the English (United States) language you specified. This may cause compatibility problems in non-Unicode applications.
    WARNING: The dead key Ω (U+03a9) when combined with " (U+0022) returns ₊ (U+208a), but ₊ (U+208a) is not on the default system code page (1252) of the English (United States) language you specified. This may cause compatibility problems in non-Unicode applications.
    WARNING: The dead key Ω (U+03a9) when combined with S (U+0053) returns Σ (U+03a3), but Σ (U+03a3) is not on the default system code page (1252) of the English (United States) language you specified. This may cause compatibility problems in non-Unicode applications.
    WARNING: The dead key Ω (U+03a9) when combined with L (U+004c) returns Λ (U+039b), but Λ (U+039b) is not on the default system code page (1252) of the English (United States) language you specified. This may cause compatibility problems in non-Unicode applications.
    WARNING: The dead key Ω (U+03a9) when combined with K (U+004b) returns Κ (U+039a), but Κ (U+039a) is not on the default system code page (1252) of the English (United States) language you specified. This may cause compatibility problems in non-Unicode applications.
    WARNING: The dead key Ω (U+03a9) when combined with W (U+0057) returns Ψ (U+03a8), but Ψ (U+03a8) is not on the default system code page (1252) of the English (United States) language you specified. This may cause compatibility problems in non-Unicode applications.
    WARNING: The dead key Ω (U+03a9) when combined with E (U+0045) returns Ε (U+0395), but Ε (U+0395) is not on the default system code page (1252) of the English (United States) language you specified. This may cause compatibility problems in non-Unicode applications.
    WARNING: The dead key Ω (U+03a9) when combined with R (U+0052) returns Ρ (U+03a1), but Ρ (U+03a1) is not on the default system code page (1252) of the English (United States) language you specified. This may cause compatibility problems in non-Unicode applications.
    WARNING: The dead key Ω (U+03a9) when combined with { (U+007b) returns ₍ (U+208d), but ₍ (U+208d) is not on the default system code page (1252) of the English (United States) language you specified. This may cause compatibility problems in non-Unicode applications.
    WARNING: The dead key Ω (U+03a9) when combined with P (U+0050) returns Π (U+03a0), but Π (U+03a0) is not on the default system code page (1252) of the English (United States) language you specified. This may cause compatibility problems in non-Unicode applications.
    WARNING: The dead key Ω (U+03a9) when combined with U (U+0055) returns Ω (U+03a9), but Ω (U+03a9) is not on the default system code page (1252) of the English (United States) language you specified. This may cause compatibility problems in non-Unicode applications.
    WARNING: The dead key Ω (U+03a9) when combined with } (U+007d) returns ₎ (U+208e), but ₎ (U+208e) is not on the default system code page (1252) of the English (United States) language you specified. This may cause compatibility problems in non-Unicode applications.
    WARNING: The dead key Ω (U+03a9) when combined with I (U+0049) returns Η (U+0397), but Η (U+0397) is not on the default system code page (1252) of the English (United States) language you specified. This may cause compatibility problems in non-Unicode applications.
    WARNING: The dead key Ω (U+03a9) when combined with T (U+0054) returns Τ (U+03a4), but Τ (U+03a4) is not on the default system code page (1252) of the English (United States) language you specified. This may cause compatibility problems in non-Unicode applications.
    WARNING: The dead key Ω (U+03a9) when combined with Y (U+0059) returns Υ (U+03a5), but Υ (U+03a5) is not on the default system code page (1252) of the English (United States) language you specified. This may cause compatibility problems in non-Unicode applications.
    WARNING: The dead key Ω (U+03a9) when combined with O (U+004f) returns Ο (U+039f), but Ο (U+039f) is not on the default system code page (1252) of the English (United States) language you specified. This may cause compatibility problems in non-Unicode applications.
    WARNING: The dead key Ω (U+03a9) when combined with Q (U+0051) returns Ω (U+03a9), but Ω (U+03a9) is not on the default system code page (1252) of the English (United States) language you specified. This may cause compatibility problems in non-Unicode applications.
    WARNING: The dead key Ω (U+03a9) when combined with * (U+002a) returns ₈ (U+2088), but ₈ (U+2088) is not on the default system code page (1252) of the English (United States) language you specified. This may cause compatibility problems in non-Unicode applications.
    WARNING: The dead key Ω (U+03a9) when combined with ( (U+0028) returns ₉ (U+2089), but ₉ (U+2089) is not on the default system code page (1252) of the English (United States) language you specified. This may cause compatibility problems in non-Unicode applications.
    WARNING: The dead key Ω (U+03a9) when combined with ) (U+0029) returns ₀ (U+2080), but ₀ (U+2080) is not on the default system code page (1252) of the English (United States) language you specified. This may cause compatibility problems in non-Unicode applications.
    WARNING: The dead key Ω (U+03a9) when combined with ^ (U+005e) returns ₆ (U+2086), but ₆ (U+2086) is not on the default system code page (1252) of the English (United States) language you specified. This may cause compatibility problems in non-Unicode applications.
    WARNING: The dead key Ω (U+03a9) when combined with & (U+0026) returns ₇ (U+2087), but ₇ (U+2087) is not on the default system code page (1252) of the English (United States) language you specified. This may cause compatibility problems in non-Unicode applications.
    WARNING: The dead key Ω (U+03a9) when combined with $ (U+0024) returns ₄ (U+2084), but ₄ (U+2084) is not on the default system code page (1252) of the English (United States) language you specified. This may cause compatibility problems in non-Unicode applications.
    WARNING: The dead key Ω (U+03a9) when combined with % (U+0025) returns ₅ (U+2085), but ₅ (U+2085) is not on the default system code page (1252) of the English (United States) language you specified. This may cause compatibility problems in non-Unicode applications.
    WARNING: The dead key Ω (U+03a9) when combined with @ (U+0040) returns ₂ (U+2082), but ₂ (U+2082) is not on the default system code page (1252) of the English (United States) language you specified. This may cause compatibility problems in non-Unicode applications.
    WARNING: The dead key Ω (U+03a9) when combined with # (U+0023) returns ₃ (U+2083), but ₃ (U+2083) is not on the default system code page (1252) of the English (United States) language you specified. This may cause compatibility problems in non-Unicode applications.
    WARNING: The dead key Ω (U+03a9) when combined with ! (U+0021) returns ₁ (U+2081), but ₁ (U+2081) is not on the default system code page (1252) of the English (United States) language you specified. This may cause compatibility problems in non-Unicode applications.
    WARNING: The dead key Ω (U+03a9) when combined with Ω (U+03a9) returns Ω (U+03a9), but Ω (U+03a9) is not on the default system code page (1252) of the English (United States) language you specified. This may cause compatibility problems in non-Unicode applications.
    WARNING: The dead key Ω (U+03a9) when combined with ^ (U+005e) returns ₆ (U+2086), but ₆ (U+2086) is not on the default system code page (1252) of the English (United States) language you specified. This may cause compatibility problems in non-Unicode applications.
    WARNING: The dead key Ω (U+03a9) when combined with   (U+0020) returns Ω (U+03a9), but Ω (U+03a9) is not on the default system code page (1252) of the English (United States) language you specified. This may cause compatibility problems in non-Unicode applications.
    WARNING: The dead key   (U+0020) when combined with = (U+003d) returns ≝ (U+225d), but ≝ (U+225d) is not on the default system code page (1252) of the English (United States) language you specified. This may cause compatibility problems in non-Unicode applications.
    WARNING: The dead key   (U+0020) when combined with b (U+0062) returns ⊆ (U+2286), but ⊆ (U+2286) is not on the default system code page (1252) of the English (United States) language you specified. This may cause compatibility problems in non-Unicode applications.
    WARNING: The dead key   (U+0020) when combined with n (U+006e) returns ⁿ (U+207f), but ⁿ (U+207f) is not on the default system code page (1252) of the English (United States) language you specified. This may cause compatibility problems in non-Unicode applications.
    WARNING: The dead key   (U+0020) when combined with c (U+0063) returns ∝ (U+221d), but ∝ (U+221d) is not on the default system code page (1252) of the English (United States) language you specified. This may cause compatibility problems in non-Unicode applications.
    WARNING: The dead key   (U+0020) when combined with . (U+002e) returns ⋅ (U+22c5), but ⋅ (U+22c5) is not on the default system code page (1252) of the English (United States) language you specified. This may cause compatibility problems in non-Unicode applications.
    WARNING: The dead key   (U+0020) when combined with z (U+007a) returns ↯ (U+21af), but ↯ (U+21af) is not on the default system code page (1252) of the English (United States) language you specified. This may cause compatibility problems in non-Unicode applications.
    WARNING: The dead key   (U+0020) when combined with m (U+006d) returns ∈ (U+2208), but ∈ (U+2208) is not on the default system code page (1252) of the English (United States) language you specified. This may cause compatibility problems in non-Unicode applications.
    WARNING: The dead key   (U+0020) when combined with h (U+0068) returns ⊄ (U+2284), but ⊄ (U+2284) is not on the default system code page (1252) of the English (United States) language you specified. This may cause compatibility problems in non-Unicode applications.
    WARNING: The dead key   (U+0020) when combined with g (U+0067) returns ⊂ (U+2282), but ⊂ (U+2282) is not on the default system code page (1252) of the English (United States) language you specified. This may cause compatibility problems in non-Unicode applications.
    WARNING: The dead key   (U+0020) when combined with d (U+0064) returns Δ (U+0394), but Δ (U+0394) is not on the default system code page (1252) of the English (United States) language you specified. This may cause compatibility problems in non-Unicode applications.
    WARNING: The dead key   (U+0020) when combined with ; (U+003b) returns ∵ (U+2235), but ∵ (U+2235) is not on the default system code page (1252) of the English (United States) language you specified. This may cause compatibility problems in non-Unicode applications.
    WARNING: The dead key   (U+0020) when combined with ' (U+0027) returns ′ (U+2032), but ′ (U+2032) is not on the default system code page (1252) of the English (United States) language you specified. This may cause compatibility problems in non-Unicode applications.
    WARNING: The dead key   (U+0020) when combined with s (U+0073) returns ∩ (U+2229), but ∩ (U+2229) is not on the default system code page (1252) of the English (United States) language you specified. This may cause compatibility problems in non-Unicode applications.
    WARNING: The dead key   (U+0020) when combined with l (U+006c) returns ∥ (U+2225), but ∥ (U+2225) is not on the default system code page (1252) of the English (United States) language you specified. This may cause compatibility problems in non-Unicode applications.
    WARNING: The dead key   (U+0020) when combined with k (U+006b) returns ∋ (U+220b), but ∋ (U+220b) is not on the default system code page (1252) of the English (United States) language you specified. This may cause compatibility problems in non-Unicode applications.
    WARNING: The dead key   (U+0020) when combined with r (U+0072) returns √ (U+221a), but √ (U+221a) is not on the default system code page (1252) of the English (United States) language you specified. This may cause compatibility problems in non-Unicode applications.
    WARNING: The dead key   (U+0020) when combined with p (U+0070) returns ∂ (U+2202), but ∂ (U+2202) is not on the default system code page (1252) of the English (United States) language you specified. This may cause compatibility problems in non-Unicode applications.
    WARNING: The dead key   (U+0020) when combined with u (U+0075) returns ∪ (U+222a), but ∪ (U+222a) is not on the default system code page (1252) of the English (United States) language you specified. This may cause compatibility problems in non-Unicode applications.
    WARNING: The dead key   (U+0020) when combined with i (U+0069) returns ∞ (U+221e), but ∞ (U+221e) is not on the default system code page (1252) of the English (United States) language you specified. This may cause compatibility problems in non-Unicode applications.
    WARNING: The dead key   (U+0020) when combined with o (U+006f) returns ∘ (U+2218), but ∘ (U+2218) is not on the default system code page (1252) of the English (United States) language you specified. This may cause compatibility problems in non-Unicode applications.
    WARNING: The dead key   (U+0020) when combined with 8 (U+0038) returns ∠ (U+2220), but ∠ (U+2220) is not on the default system code page (1252) of the English (United States) language you specified. This may cause compatibility problems in non-Unicode applications.
    WARNING: The dead key   (U+0020) when combined with 9 (U+0039) returns ∟ (U+221f), but ∟ (U+221f) is not on the default system code page (1252) of the English (United States) language you specified. This may cause compatibility problems in non-Unicode applications.
    WARNING: The dead key   (U+0020) when combined with 7 (U+0037) returns ∡ (U+2221), but ∡ (U+2221) is not on the default system code page (1252) of the English (United States) language you specified. This may cause compatibility problems in non-Unicode applications.
    WARNING: The dead key   (U+0020) when combined with 4 (U+0034) returns ∜ (U+221c), but ∜ (U+221c) is not on the default system code page (1252) of the English (United States) language you specified. This may cause compatibility problems in non-Unicode applications.
    WARNING: The dead key   (U+0020) when combined with 3 (U+0033) returns ∛ (U+221b), but ∛ (U+221b) is not on the default system code page (1252) of the English (United States) language you specified. This may cause compatibility problems in non-Unicode applications.
    WARNING: The dead key   (U+0020) when combined with . (U+002e) returns ⋅ (U+22c5), but ⋅ (U+22c5) is not on the default system code page (1252) of the English (United States) language you specified. This may cause compatibility problems in non-Unicode applications.
    WARNING: The dead key   (U+0020) when combined with | (U+007c) returns ∨ (U+2228), but ∨ (U+2228) is not on the default system code page (1252) of the English (United States) language you specified. This may cause compatibility problems in non-Unicode applications.
    WARNING: The dead key   (U+0020) when combined with | (U+007c) returns ∨ (U+2228), but ∨ (U+2228) is not on the default system code page (1252) of the English (United States) language you specified. This may cause compatibility problems in non-Unicode applications.
    WARNING: The dead key   (U+0020) when combined with + (U+002b) returns ⊕ (U+2295), but ⊕ (U+2295) is not on the default system code page (1252) of the English (United States) language you specified. This may cause compatibility problems in non-Unicode applications.
    WARNING: The dead key   (U+0020) when combined with B (U+0042) returns ⊇ (U+2287), but ⊇ (U+2287) is not on the default system code page (1252) of the English (United States) language you specified. This may cause compatibility problems in non-Unicode applications.
    WARNING: The dead key   (U+0020) when combined with N (U+004e) returns ℕ (U+2115), but ℕ (U+2115) is not on the default system code page (1252) of the English (United States) language you specified. This may cause compatibility problems in non-Unicode applications.
    WARNING: The dead key   (U+0020) when combined with C (U+0043) returns ℂ (U+2102), but ℂ (U+2102) is not on the default system code page (1252) of the English (United States) language you specified. This may cause compatibility problems in non-Unicode applications.
    WARNING: The dead key   (U+0020) when combined with X (U+0058) returns ∄ (U+2204), but ∄ (U+2204) is not on the default system code page (1252) of the English (United States) language you specified. This may cause compatibility problems in non-Unicode applications.
    WARNING: The dead key   (U+0020) when combined with > (U+003e) returns ≥ (U+2265), but ≥ (U+2265) is not on the default system code page (1252) of the English (United States) language you specified. This may cause compatibility problems in non-Unicode applications.
    WARNING: The dead key   (U+0020) when combined with Z (U+005a) returns ℤ (U+2124), but ℤ (U+2124) is not on the default system code page (1252) of the English (United States) language you specified. This may cause compatibility problems in non-Unicode applications.
    WARNING: The dead key   (U+0020) when combined with < (U+003c) returns ≤ (U+2264), but ≤ (U+2264) is not on the default system code page (1252) of the English (United States) language you specified. This may cause compatibility problems in non-Unicode applications.
    WARNING: The dead key   (U+0020) when combined with M (U+004d) returns ∉ (U+2209), but ∉ (U+2209) is not on the default system code page (1252) of the English (United States) language you specified. This may cause compatibility problems in non-Unicode applications.
    WARNING: The dead key   (U+0020) when combined with A (U+0041) returns ∀ (U+2200), but ∀ (U+2200) is not on the default system code page (1252) of the English (United States) language you specified. This may cause compatibility problems in non-Unicode applications.
    WARNING: The dead key   (U+0020) when combined with H (U+0048) returns ⊅ (U+2285), but ⊅ (U+2285) is not on the default system code page (1252) of the English (United States) language you specified. This may cause compatibility problems in non-Unicode applications.
    WARNING: The dead key   (U+0020) when combined with G (U+0047) returns ⊃ (U+2283), but ⊃ (U+2283) is not on the default system code page (1252) of the English (United States) language you specified. This may cause compatibility problems in non-Unicode applications.
    WARNING: The dead key   (U+0020) when combined with F (U+0046) returns ∎ (U+220e), but ∎ (U+220e) is not on the default system code page (1252) of the English (United States) language you specified. This may cause compatibility problems in non-Unicode applications.
    WARNING: The dead key   (U+0020) when combined with D (U+0044) returns ∇ (U+2207), but ∇ (U+2207) is not on the default system code page (1252) of the English (United States) language you specified. This may cause compatibility problems in non-Unicode applications.
    WARNING: The dead key   (U+0020) when combined with : (U+003a) returns ∴ (U+2234), but ∴ (U+2234) is not on the default system code page (1252) of the English (United States) language you specified. This may cause compatibility problems in non-Unicode applications.
    WARNING: The dead key   (U+0020) when combined with " (U+0022) returns ″ (U+2033), but ″ (U+2033) is not on the default system code page (1252) of the English (United States) language you specified. This may cause compatibility problems in non-Unicode applications.
    WARNING: The dead key   (U+0020) when combined with S (U+0053) returns ∫ (U+222b), but ∫ (U+222b) is not on the default system code page (1252) of the English (United States) language you specified. This may cause compatibility problems in non-Unicode applications.
    WARNING: The dead key   (U+0020) when combined with L (U+004c) returns ∦ (U+2226), but ∦ (U+2226) is not on the default system code page (1252) of the English (United States) language you specified. This may cause compatibility problems in non-Unicode applications.
    WARNING: The dead key   (U+0020) when combined with K (U+004b) returns ∌ (U+220c), but ∌ (U+220c) is not on the default system code page (1252) of the English (United States) language you specified. This may cause compatibility problems in non-Unicode applications.
    WARNING: The dead key   (U+0020) when combined with E (U+0045) returns ∃ (U+2203), but ∃ (U+2203) is not on the default system code page (1252) of the English (United States) language you specified. This may cause compatibility problems in non-Unicode applications.
    WARNING: The dead key   (U+0020) when combined with R (U+0052) returns ℝ (U+211d), but ℝ (U+211d) is not on the default system code page (1252) of the English (United States) language you specified. This may cause compatibility problems in non-Unicode applications.
    WARNING: The dead key   (U+0020) when combined with P (U+0050) returns ℙ (U+2119), but ℙ (U+2119) is not on the default system code page (1252) of the English (United States) language you specified. This may cause compatibility problems in non-Unicode applications.
    WARNING: The dead key   (U+0020) when combined with U (U+0055) returns ∖ (U+2216), but ∖ (U+2216) is not on the default system code page (1252) of the English (United States) language you specified. This may cause compatibility problems in non-Unicode applications.
    WARNING: The dead key   (U+0020) when combined with O (U+004f) returns ∅ (U+2205), but ∅ (U+2205) is not on the default system code page (1252) of the English (United States) language you specified. This may cause compatibility problems in non-Unicode applications.
    WARNING: The dead key   (U+0020) when combined with Q (U+0051) returns ℚ (U+211a), but ℚ (U+211a) is not on the default system code page (1252) of the English (United States) language you specified. This may cause compatibility problems in non-Unicode applications.
    WARNING: The dead key   (U+0020) when combined with * (U+002a) returns ⊗ (U+2297), but ⊗ (U+2297) is not on the default system code page (1252) of the English (United States) language you specified. This may cause compatibility problems in non-Unicode applications.
    WARNING: The dead key   (U+0020) when combined with ^ (U+005e) returns ℘ (U+2118), but ℘ (U+2118) is not on the default system code page (1252) of the English (United States) language you specified. This may cause compatibility problems in non-Unicode applications.
    WARNING: The dead key   (U+0020) when combined with & (U+0026) returns ∧ (U+2227), but ∧ (U+2227) is not on the default system code page (1252) of the English (United States) language you specified. This may cause compatibility problems in non-Unicode applications.
    WARNING: The dead key   (U+0020) when combined with ! (U+0021) returns ≠ (U+2260), but ≠ (U+2260) is not on the default system code page (1252) of the English (United States) language you specified. This may cause compatibility problems in non-Unicode applications.
    WARNING: The dead key   (U+0020) when combined with ~ (U+007e) returns ≈ (U+2248), but ≈ (U+2248) is not on the default system code page (1252) of the English (United States) language you specified. This may cause compatibility problems in non-Unicode applications.
    WARNING: The dead key   (U+0020) when combined with ^ (U+005e) returns ℘ (U+2118), but ℘ (U+2118) is not on the default system code page (1252) of the English (United States) language you specified. This may cause compatibility problems in non-Unicode applications.
    WARNING: The dead key   (U+0020) when combined with ~ (U+007e) returns ≈ (U+2248), but ≈ (U+2248) is not on the default system code page (1252) of the English (United States) language you specified. This may cause compatibility problems in non-Unicode applications.
    WARNING: The dead key   (U+0020) when combined with   (U+0020) returns √ (U+221a), but √ (U+221a) is not on the default system code page (1252) of the English (United States) language you specified. This may cause compatibility problems in non-Unicode applications.
    WARNING: The dead key © (U+00a9) when combined with = (U+003d) returns ↔ (U+2194), but ↔ (U+2194) is not on the default system code page (1252) of the English (United States) language you specified. This may cause compatibility problems in non-Unicode applications.
    WARNING: The dead key © (U+00a9) when combined with n (U+006e) returns ↙ (U+2199), but ↙ (U+2199) is not on the default system code page (1252) of the English (United States) language you specified. This may cause compatibility problems in non-Unicode applications.
    WARNING: The dead key © (U+00a9) when combined with m (U+006d) returns ↘ (U+2198), but ↘ (U+2198) is not on the default system code page (1252) of the English (United States) language you specified. This may cause compatibility problems in non-Unicode applications.
    WARNING: The dead key © (U+00a9) when combined with h (U+0068) returns ← (U+2190), but ← (U+2190) is not on the default system code page (1252) of the English (United States) language you specified. This may cause compatibility problems in non-Unicode applications.
    WARNING: The dead key © (U+00a9) when combined with j (U+006a) returns ↓ (U+2193), but ↓ (U+2193) is not on the default system code page (1252) of the English (United States) language you specified. This may cause compatibility problems in non-Unicode applications.
    WARNING: The dead key © (U+00a9) when combined with s (U+0073) returns ℠ (U+2120), but ℠ (U+2120) is not on the default system code page (1252) of the English (United States) language you specified. This may cause compatibility problems in non-Unicode applications.
    WARNING: The dead key © (U+00a9) when combined with l (U+006c) returns → (U+2192), but → (U+2192) is not on the default system code page (1252) of the English (United States) language you specified. This may cause compatibility problems in non-Unicode applications.
    WARNING: The dead key © (U+00a9) when combined with k (U+006b) returns ↑ (U+2191), but ↑ (U+2191) is not on the default system code page (1252) of the English (United States) language you specified. This may cause compatibility problems in non-Unicode applications.
    WARNING: The dead key © (U+00a9) when combined with p (U+0070) returns ℗ (U+2117), but ℗ (U+2117) is not on the default system code page (1252) of the English (United States) language you specified. This may cause compatibility problems in non-Unicode applications.
    WARNING: The dead key © (U+00a9) when combined with u (U+0075) returns ↖ (U+2196), but ↖ (U+2196) is not on the default system code page (1252) of the English (United States) language you specified. This may cause compatibility problems in non-Unicode applications.
    WARNING: The dead key © (U+00a9) when combined with i (U+0069) returns ↗ (U+2197), but ↗ (U+2197) is not on the default system code page (1252) of the English (United States) language you specified. This may cause compatibility problems in non-Unicode applications.
    WARNING: The dead key © (U+00a9) when combined with 4 (U+0034) returns ⅓ (U+2153), but ⅓ (U+2153) is not on the default system code page (1252) of the English (United States) language you specified. This may cause compatibility problems in non-Unicode applications.
    WARNING: The dead key © (U+00a9) when combined with 5 (U+0035) returns ⅔ (U+2154), but ⅔ (U+2154) is not on the default system code page (1252) of the English (United States) language you specified. This may cause compatibility problems in non-Unicode applications.
    WARNING: The dead key © (U+00a9) when combined with + (U+002b) returns ⇔ (U+21d4), but ⇔ (U+21d4) is not on the default system code page (1252) of the English (United States) language you specified. This may cause compatibility problems in non-Unicode applications.
    WARNING: The dead key © (U+00a9) when combined with N (U+004e) returns ⇙ (U+21d9), but ⇙ (U+21d9) is not on the default system code page (1252) of the English (United States) language you specified. This may cause compatibility problems in non-Unicode applications.
    WARNING: The dead key © (U+00a9) when combined with M (U+004d) returns ⇘ (U+21d8), but ⇘ (U+21d8) is not on the default system code page (1252) of the English (United States) language you specified. This may cause compatibility problems in non-Unicode applications.
    WARNING: The dead key © (U+00a9) when combined with H (U+0048) returns ⇐ (U+21d0), but ⇐ (U+21d0) is not on the default system code page (1252) of the English (United States) language you specified. This may cause compatibility problems in non-Unicode applications.
    WARNING: The dead key © (U+00a9) when combined with J (U+004a) returns ⇓ (U+21d3), but ⇓ (U+21d3) is not on the default system code page (1252) of the English (United States) language you specified. This may cause compatibility problems in non-Unicode applications.
    WARNING: The dead key © (U+00a9) when combined with L (U+004c) returns ⇒ (U+21d2), but ⇒ (U+21d2) is not on the default system code page (1252) of the English (United States) language you specified. This may cause compatibility problems in non-Unicode applications.
    WARNING: The dead key © (U+00a9) when combined with K (U+004b) returns ⇑ (U+21d1), but ⇑ (U+21d1) is not on the default system code page (1252) of the English (United States) language you specified. This may cause compatibility problems in non-Unicode applications.
    WARNING: The dead key © (U+00a9) when combined with U (U+0055) returns ⇖ (U+21d6), but ⇖ (U+21d6) is not on the default system code page (1252) of the English (United States) language you specified. This may cause compatibility problems in non-Unicode applications.
    WARNING: The dead key © (U+00a9) when combined with I (U+0049) returns ⇗ (U+21d7), but ⇗ (U+21d7) is not on the default system code page (1252) of the English (United States) language you specified. This may cause compatibility problems in non-Unicode applications.
    WARNING: Caps Lock is not set between 'i' and 'I' (VK_I, ShiftStates 'Base' and 'Shift').
    WARNING: Caps Lock is set between ';' and ':' (VK_OEM_1, ShiftStates 'Base' and 'Shift').
